<?xml version="1.0" encoding="UTF-8"?>
<!-- Generated by org.testng.reporters.JUnitReportReporter -->
<testsuite skipped="0" hostname="DESKTOP-L97NT7B" name="test.authentication.SignUpTest" tests="2" failures="0" timestamp="2021-12-17T23:49:04 ICT" time="0.000" errors="0">
  <testcase name="signUpM01" time="0.000" classname="test.authentication.SignUpTest"/>
  <system-out/>
  <testcase name="signUpM02" time="0.000" classname="test.authentication.SignUpTest"/>
  <system-out/>
</testsuite> <!-- test.authentication.SignUpTest -->
